<?xml version="1.0" encoding="UTF-8"?>
<testng-results skipped="0" failed="0" ignored="0" total="1" passed="1">
  <reporter-output>
  </reporter-output>
  <suite name="Default suite" duration-ms="23" started-at="2022-03-01T10:15:39Z" finished-at="2022-03-01T10:15:39Z">
    <groups>
    </groups>
    <test name="Default test" duration-ms="23" started-at="2022-03-01T10:15:39Z" finished-at="2022-03-01T10:15:39Z">
      <class name="basic.NewTest">
        <test-method status="PASS" signature="f()[pri:0, instance:basic.NewTest@61a485d2]" name="f" duration-ms="6" started-at="2022-03-01T15:45:39Z" finished-at="2022-03-01T15:45:39Z">
          <reporter-output>
          </reporter-output>
        </test-method> <!-- f -->
      </class> <!-- basic.NewTest -->
    </test> <!-- Default test -->
  </suite> <!-- Default suite -->
</testng-results>
