<?xml version="1.0" encoding="UTF-8"?>
<testng-results skipped="0" failed="0" ignored="0" total="1" passed="1">
  <reporter-output>
  </reporter-output>
  <suite name="Default suite" duration-ms="24" started-at="2022-03-01T11:06:30Z" finished-at="2022-03-01T11:06:30Z">
    <groups>
    </groups>
    <test name="Default test" duration-ms="24" started-at="2022-03-01T11:06:30Z" finished-at="2022-03-01T11:06:30Z">
      <class name="basic.NewTest">
        <test-method status="PASS" signature="f()[pri:0, instance:basic.NewTest@61a485d2]" name="f" duration-ms="7" started-at="2022-03-01T16:36:30Z" finished-at="2022-03-01T16:36:30Z">
          <reporter-output>
          </reporter-output>
        </test-method> <!-- f -->
      </class> <!-- basic.NewTest -->
    </test> <!-- Default test -->
  </suite> <!-- Default suite -->
</testng-results>
